[2022-10-02T18:52:08.588585+02:00] api_log.INFO: Access granted ["App\\Controller\\BasicAuthController","admin","/private"] []
[2022-10-02T18:52:09.298394+02:00] api_log.INFO: Access granted ["App\\Controller\\BasicAuthController","admin","/api/scripts?filename=home.js"] []
[2022-10-02T18:52:09.302593+02:00] api_log.INFO: Successfull get of secure_scripts/basic/home.js script ["App\\Controller\\Api\\Scripts\\ScriptsController"] []
[2022-10-02T18:52:09.404308+02:00] api_log.INFO: Access granted ["App\\Controller\\BasicAuthController","admin","/api/scripts?filename=menu_toggle.js"] []
[2022-10-02T18:52:09.408158+02:00] api_log.INFO: Successfull get of secure_scripts/basic/menu_toggle.js script ["App\\Controller\\Api\\Scripts\\ScriptsController"] []
[2022-10-02T18:52:10.217447+02:00] api_log.INFO: Access granted ["App\\Controller\\BasicAuthController","admin","/private/user/view_users"] []
[2022-10-02T18:52:10.220096+02:00] api_log.INFO: Access granted ["App\\Controller\\AdvancedAuthController","admin","/private/user/view_users"] []
[2022-10-02T18:52:10.854822+02:00] api_log.INFO: Access granted ["App\\Controller\\BasicAuthController","admin","/api/scripts?filename=home.js"] []
[2022-10-02T18:52:10.858101+02:00] api_log.INFO: Successfull get of secure_scripts/basic/home.js script ["App\\Controller\\Api\\Scripts\\ScriptsController"] []
[2022-10-02T18:52:10.941822+02:00] api_log.INFO: Access granted ["App\\Controller\\BasicAuthController","admin","/api/scripts?filename=menu_toggle.js"] []
[2022-10-02T18:52:10.944625+02:00] api_log.INFO: Successfull get of secure_scripts/basic/menu_toggle.js script ["App\\Controller\\Api\\Scripts\\ScriptsController"] []
[2022-10-02T18:52:11.008553+02:00] api_log.INFO: Access granted ["App\\Controller\\BasicAuthController","admin","/api/adv/scripts?filename=view_users.js"] []
[2022-10-02T18:52:11.011244+02:00] api_log.INFO: Access granted ["App\\Controller\\AdvancedAuthController","admin","/api/adv/scripts?filename=view_users.js"] []
[2022-10-02T18:52:11.012679+02:00] api_log.INFO: Successfull get of secure_scripts/adv/view_users.js script ["App\\Controller\\Api\\Scripts\\AdvScriptsController"] []
[2022-10-02T18:52:11.422545+02:00] api_log.INFO: Access granted ["App\\Controller\\BasicAuthController","admin","/api/user"] []
[2022-10-02T18:52:11.426100+02:00] api_log.INFO: Access granted ["App\\Controller\\AdvancedAuthController","admin","/api/user"] []
[2022-10-02T18:52:11.427462+02:00] api_log.INFO: Successfull get of all users ["App\\Controller\\Api\\User\\GetController","admin"] []
[2022-10-02T18:52:13.066860+02:00] api_log.INFO: Access granted ["App\\Controller\\BasicAuthController","admin","/private/user/add_user"] []
[2022-10-02T18:52:13.069423+02:00] api_log.INFO: Access granted ["App\\Controller\\AdvancedAuthController","admin","/private/user/add_user"] []
[2022-10-02T18:52:13.702623+02:00] api_log.INFO: Access granted ["App\\Controller\\BasicAuthController","admin","/api/scripts?filename=home.js"] []
[2022-10-02T18:52:13.707599+02:00] api_log.INFO: Successfull get of secure_scripts/basic/home.js script ["App\\Controller\\Api\\Scripts\\ScriptsController"] []
[2022-10-02T18:52:13.778390+02:00] api_log.INFO: Access granted ["App\\Controller\\BasicAuthController","admin","/api/scripts?filename=menu_toggle.js"] []
[2022-10-02T18:52:13.781170+02:00] api_log.INFO: Successfull get of secure_scripts/basic/menu_toggle.js script ["App\\Controller\\Api\\Scripts\\ScriptsController"] []
[2022-10-02T18:52:13.866985+02:00] api_log.INFO: Access granted ["App\\Controller\\BasicAuthController","admin","/api/adv/scripts?filename=add_user.js"] []
[2022-10-02T18:52:13.870493+02:00] api_log.INFO: Access granted ["App\\Controller\\AdvancedAuthController","admin","/api/adv/scripts?filename=add_user.js"] []
[2022-10-02T18:52:13.873056+02:00] api_log.INFO: Successfull get of secure_scripts/adv/add_user.js script ["App\\Controller\\Api\\Scripts\\AdvScriptsController"] []
[2022-10-02T18:53:39.823138+02:00] api_log.INFO: Access granted ["App\\Controller\\BasicAuthController","admin","/private/user/add_user"] []
[2022-10-02T18:53:39.826685+02:00] api_log.INFO: Access granted ["App\\Controller\\AdvancedAuthController","admin","/private/user/add_user"] []
[2022-10-02T18:53:40.161737+02:00] api_log.INFO: Access granted ["App\\Controller\\BasicAuthController","admin","/api/scripts?filename=home.js"] []
[2022-10-02T18:53:40.165553+02:00] api_log.INFO: Successfull get of secure_scripts/basic/home.js script ["App\\Controller\\Api\\Scripts\\ScriptsController"] []
[2022-10-02T18:53:40.607928+02:00] api_log.INFO: Access granted ["App\\Controller\\BasicAuthController","admin","/api/scripts?filename=menu_toggle.js"] []
[2022-10-02T18:53:40.611594+02:00] api_log.INFO: Successfull get of secure_scripts/basic/menu_toggle.js script ["App\\Controller\\Api\\Scripts\\ScriptsController"] []
[2022-10-02T18:53:40.725921+02:00] api_log.INFO: Access granted ["App\\Controller\\BasicAuthController","admin","/api/adv/scripts?filename=add_user.js"] []
[2022-10-02T18:53:40.729836+02:00] api_log.INFO: Access granted ["App\\Controller\\AdvancedAuthController","admin","/api/adv/scripts?filename=add_user.js"] []
[2022-10-02T18:53:40.731159+02:00] api_log.INFO: Successfull get of secure_scripts/adv/add_user.js script ["App\\Controller\\Api\\Scripts\\AdvScriptsController"] []
[2022-10-02T18:54:11.024908+02:00] api_log.INFO: Access granted ["App\\Controller\\BasicAuthController","admin","/private/user/add_user"] []
[2022-10-02T18:54:11.027969+02:00] api_log.INFO: Access granted ["App\\Controller\\AdvancedAuthController","admin","/private/user/add_user"] []
[2022-10-02T18:54:11.702037+02:00] api_log.INFO: Access granted ["App\\Controller\\BasicAuthController","admin","/api/scripts?filename=home.js"] []
[2022-10-02T18:54:11.705828+02:00] api_log.INFO: Successfull get of secure_scripts/basic/home.js script ["App\\Controller\\Api\\Scripts\\ScriptsController"] []
[2022-10-02T18:54:11.793853+02:00] api_log.INFO: Access granted ["App\\Controller\\BasicAuthController","admin","/api/scripts?filename=menu_toggle.js"] []
[2022-10-02T18:54:11.801376+02:00] api_log.INFO: Successfull get of secure_scripts/basic/menu_toggle.js script ["App\\Controller\\Api\\Scripts\\ScriptsController"] []
[2022-10-02T18:54:11.900026+02:00] api_log.INFO: Access granted ["App\\Controller\\BasicAuthController","admin","/api/adv/scripts?filename=add_user.js"] []
[2022-10-02T18:54:11.903275+02:00] api_log.INFO: Access granted ["App\\Controller\\AdvancedAuthController","admin","/api/adv/scripts?filename=add_user.js"] []
[2022-10-02T18:54:11.904893+02:00] api_log.INFO: Successfull get of secure_scripts/adv/add_user.js script ["App\\Controller\\Api\\Scripts\\AdvScriptsController"] []
[2022-10-02T18:55:14.526743+02:00] api_log.INFO: Access granted ["App\\Controller\\BasicAuthController","admin","/private/user/add_user"] []
[2022-10-02T18:55:14.532429+02:00] api_log.INFO: Access granted ["App\\Controller\\AdvancedAuthController","admin","/private/user/add_user"] []
[2022-10-02T18:55:15.139809+02:00] api_log.INFO: Access granted ["App\\Controller\\BasicAuthController","admin","/api/scripts?filename=home.js"] []
[2022-10-02T18:55:15.145928+02:00] api_log.INFO: Successfull get of secure_scripts/basic/home.js script ["App\\Controller\\Api\\Scripts\\ScriptsController"] []
[2022-10-02T18:55:15.276599+02:00] api_log.INFO: Access granted ["App\\Controller\\BasicAuthController","admin","/api/scripts?filename=menu_toggle.js"] []
[2022-10-02T18:55:15.280187+02:00] api_log.INFO: Successfull get of secure_scripts/basic/menu_toggle.js script ["App\\Controller\\Api\\Scripts\\ScriptsController"] []
[2022-10-02T18:55:15.348810+02:00] api_log.INFO: Access granted ["App\\Controller\\BasicAuthController","admin","/api/adv/scripts?filename=add_user.js"] []
[2022-10-02T18:55:15.352995+02:00] api_log.INFO: Access granted ["App\\Controller\\AdvancedAuthController","admin","/api/adv/scripts?filename=add_user.js"] []
[2022-10-02T18:55:15.355314+02:00] api_log.INFO: Successfull get of secure_scripts/adv/add_user.js script ["App\\Controller\\Api\\Scripts\\AdvScriptsController"] []
[2022-10-02T18:55:29.779698+02:00] api_log.INFO: Access granted ["App\\Controller\\BasicAuthController","admin","/private/user/add_user"] []
[2022-10-02T18:55:29.783621+02:00] api_log.INFO: Access granted ["App\\Controller\\AdvancedAuthController","admin","/private/user/add_user"] []
[2022-10-02T18:55:30.288308+02:00] api_log.INFO: Access granted ["App\\Controller\\BasicAuthController","admin","/api/scripts?filename=home.js"] []
[2022-10-02T18:55:30.291549+02:00] api_log.INFO: Successfull get of secure_scripts/basic/home.js script ["App\\Controller\\Api\\Scripts\\ScriptsController"] []
[2022-10-02T18:55:30.502843+02:00] api_log.INFO: Access granted ["App\\Controller\\BasicAuthController","admin","/api/scripts?filename=menu_toggle.js"] []
[2022-10-02T18:55:30.505791+02:00] api_log.INFO: Successfull get of secure_scripts/basic/menu_toggle.js script ["App\\Controller\\Api\\Scripts\\ScriptsController"] []
[2022-10-02T18:55:30.584623+02:00] api_log.INFO: Access granted ["App\\Controller\\BasicAuthController","admin","/api/adv/scripts?filename=add_user.js"] []
[2022-10-02T18:55:30.588130+02:00] api_log.INFO: Access granted ["App\\Controller\\AdvancedAuthController","admin","/api/adv/scripts?filename=add_user.js"] []
[2022-10-02T18:55:30.589656+02:00] api_log.INFO: Successfull get of secure_scripts/adv/add_user.js script ["App\\Controller\\Api\\Scripts\\AdvScriptsController"] []
[2022-10-02T18:55:33.907578+02:00] api_log.INFO: Access granted ["App\\Controller\\BasicAuthController","admin","/private/user/add_user"] []
[2022-10-02T18:55:33.913521+02:00] api_log.INFO: Access granted ["App\\Controller\\AdvancedAuthController","admin","/private/user/add_user"] []
[2022-10-02T18:55:34.562021+02:00] api_log.INFO: Access granted ["App\\Controller\\BasicAuthController","admin","/api/scripts?filename=home.js"] []
[2022-10-02T18:55:34.566185+02:00] api_log.INFO: Successfull get of secure_scripts/basic/home.js script ["App\\Controller\\Api\\Scripts\\ScriptsController"] []
[2022-10-02T18:55:34.690692+02:00] api_log.INFO: Access granted ["App\\Controller\\BasicAuthController","admin","/api/scripts?filename=menu_toggle.js"] []
[2022-10-02T18:55:34.695528+02:00] api_log.INFO: Successfull get of secure_scripts/basic/menu_toggle.js script ["App\\Controller\\Api\\Scripts\\ScriptsController"] []
[2022-10-02T18:55:34.772572+02:00] api_log.INFO: Access granted ["App\\Controller\\BasicAuthController","admin","/api/adv/scripts?filename=add_user.js"] []
[2022-10-02T18:55:34.775302+02:00] api_log.INFO: Access granted ["App\\Controller\\AdvancedAuthController","admin","/api/adv/scripts?filename=add_user.js"] []
[2022-10-02T18:55:34.777462+02:00] api_log.INFO: Successfull get of secure_scripts/adv/add_user.js script ["App\\Controller\\Api\\Scripts\\AdvScriptsController"] []
[2022-10-02T18:56:12.391488+02:00] api_log.INFO: Access granted ["App\\Controller\\BasicAuthController","admin","/private?logout-btn=Logout"] []
